<?xml version="1.0" encoding="UTF-8"?>
<!-- Generated by org.testng.reporters.JUnitReportReporter -->
<testsuite hostname="QA-Saurabh" failures="0" tests="4" name="mainclass.MainClass" time="82.522" errors="0" timestamp="2024-02-07T11:12:14 IST" skipped="0">
  <testcase classname="mainclass.MainClass" name="login" time="17.901"/>
  <system-out/>
  <testcase classname="mainclass.MainClass" name="test002LoginInvalidCredentials" time="6.514"/>
  <system-out/>
  <testcase classname="mainclass.MainClass" name="test003ForgotPassword" time="19.161"/>
  <system-out/>
  <testcase classname="mainclass.MainClass" name="test004Contactus" time="38.946"/>
  <system-out/>
</testsuite> <!-- mainclass.MainClass -->
